{"/Users/rafaeltedesco/Documents/patterns/ts-patterns/01-comportamentais/01-strategy/01-example-street-fighter/game.ts": {"path":"/Users/rafaeltedesco/Documents/patterns/ts-patterns/01-comportamentais/01-strategy/01-example-street-fighter/game.ts","statementMap":{"0":{"start":{"line":8,"column":10},"end":{"line":8,"column":31}},"1":{"start":{"line":11,"column":4},"end":{"line":11,"column":28}},"2":{"start":{"line":12,"column":4},"end":{"line":12,"column":28}},"3":{"start":{"line":13,"column":4},"end":{"line":13,"column":43}},"4":{"start":{"line":13,"column":18},"end":{"line":13,"column":43}},"5":{"start":{"line":17,"column":4},"end":{"line":18,"column":62}},"6":{"start":{"line":18,"column":6},"end":{"line":18,"column":62}},"7":{"start":{"line":19,"column":4},"end":{"line":19,"column":44}},"8":{"start":{"line":20,"column":4},"end":{"line":20,"column":37}},"9":{"start":{"line":24,"column":4},"end":{"line":24,"column":25}},"10":{"start":{"line":28,"column":4},"end":{"line":28,"column":25}},"11":{"start":{"line":32,"column":4},"end":{"line":32,"column":29}},"12":{"start":{"line":36,"column":4},"end":{"line":36,"column":70}},"13":{"start":{"line":36,"column":25},"end":{"line":36,"column":70}},"14":{"start":{"line":37,"column":4},"end":{"line":37,"column":26}},"15":{"start":{"line":41,"column":4},"end":{"line":41,"column":30}},"16":{"start":{"line":42,"column":4},"end":{"line":42,"column":29}},"17":{"start":{"line":46,"column":0},"end":{"line":46,"column":20}}},"fnMap":{"0":{"name":"(anonymous_7)","decl":{"start":{"line":10,"column":2},"end":{"line":10,"column":14}},"loc":{"start":{"line":10,"column":72},"end":{"line":14,"column":3}}},"1":{"name":"(anonymous_8)","decl":{"start":{"line":16,"column":8},"end":{"line":16,"column":17}},"loc":{"start":{"line":16,"column":34},"end":{"line":21,"column":null}}},"2":{"name":"(anonymous_10)","decl":{"start":{"line":23,"column":2},"end":{"line":23,"column":6}},"loc":{"start":{"line":23,"column":13},"end":{"line":25,"column":3}}},"3":{"name":"(anonymous_11)","decl":{"start":{"line":27,"column":2},"end":{"line":27,"column":6}},"loc":{"start":{"line":27,"column":13},"end":{"line":29,"column":3}}},"4":{"name":"(anonymous_12)","decl":{"start":{"line":31,"column":2},"end":{"line":31,"column":6}},"loc":{"start":{"line":31,"column":17},"end":{"line":33,"column":3}}},"5":{"name":"(anonymous_13)","decl":{"start":{"line":35,"column":2},"end":{"line":35,"column":6}},"loc":{"start":{"line":35,"column":14},"end":{"line":38,"column":3}}},"6":{"name":"(anonymous_14)","decl":{"start":{"line":40,"column":2},"end":{"line":40,"column":6}},"loc":{"start":{"line":40,"column":34},"end":{"line":43,"column":3}}}},"branchMap":{"0":{"loc":{"start":{"line":13,"column":4},"end":{"line":13,"column":43}},"type":"if","locations":[{"start":{"line":13,"column":4},"end":{"line":13,"column":43}}]},"1":{"loc":{"start":{"line":17,"column":4},"end":{"line":18,"column":62}},"type":"if","locations":[{"start":{"line":17,"column":4},"end":{"line":18,"column":62}}]},"2":{"loc":{"start":{"line":36,"column":4},"end":{"line":36,"column":70}},"type":"if","locations":[{"start":{"line":36,"column":4},"end":{"line":36,"column":70}}]}},"s":{"0":6,"1":6,"2":6,"3":6,"4":3,"5":3,"6":1,"7":2,"8":2,"9":2,"10":2,"11":3,"12":6,"13":1,"14":5,"15":3,"16":3,"17":1},"f":{"0":6,"1":3,"2":2,"3":2,"4":3,"5":6,"6":3},"b":{"0":[3],"1":[1],"2":[1]}}
,"/Users/rafaeltedesco/Documents/patterns/ts-patterns/01-comportamentais/01-strategy/01-example-street-fighter/abstracts/fightPlayer.ts": {"path":"/Users/rafaeltedesco/Documents/patterns/ts-patterns/01-comportamentais/01-strategy/01-example-street-fighter/abstracts/fightPlayer.ts","statementMap":{"0":{"start":{"line":3,"column":0},"end":{"line":3,"column":30}},"1":{"start":{"line":16,"column":4},"end":{"line":16,"column":16}},"2":{"start":{"line":17,"column":4},"end":{"line":17,"column":33}},"3":{"start":{"line":18,"column":4},"end":{"line":18,"column":29}},"4":{"start":{"line":19,"column":4},"end":{"line":19,"column":23}},"5":{"start":{"line":23,"column":4},"end":{"line":23,"column":36}},"6":{"start":{"line":24,"column":4},"end":{"line":24,"column":79}},"7":{"start":{"line":28,"column":4},"end":{"line":28,"column":40}},"8":{"start":{"line":29,"column":4},"end":{"line":29,"column":100}},"9":{"start":{"line":33,"column":4},"end":{"line":33,"column":38}},"10":{"start":{"line":34,"column":4},"end":{"line":34,"column":51}},"11":{"start":{"line":34,"column":30},"end":{"line":34,"column":51}},"12":{"start":{"line":38,"column":0},"end":{"line":38,"column":27}}},"fnMap":{"0":{"name":"(anonymous_1)","decl":{"start":{"line":10,"column":2},"end":{"line":10,"column":null}},"loc":{"start":{"line":14,"column":18},"end":{"line":20,"column":3}}},"1":{"name":"(anonymous_2)","decl":{"start":{"line":22,"column":2},"end":{"line":22,"column":8}},"loc":{"start":{"line":22,"column":24},"end":{"line":25,"column":3}}},"2":{"name":"(anonymous_3)","decl":{"start":{"line":27,"column":2},"end":{"line":27,"column":15}},"loc":{"start":{"line":27,"column":31},"end":{"line":30,"column":3}}},"3":{"name":"(anonymous_4)","decl":{"start":{"line":32,"column":2},"end":{"line":32,"column":12}},"loc":{"start":{"line":32,"column":35},"end":{"line":35,"column":3}}}},"branchMap":{"0":{"loc":{"start":{"line":34,"column":4},"end":{"line":34,"column":51}},"type":"if","locations":[{"start":{"line":34,"column":4},"end":{"line":34,"column":51}}]}},"s":{"0":6,"1":21,"2":21,"3":21,"4":21,"5":11,"6":11,"7":4,"8":4,"9":15,"10":15,"11":4,"12":6},"f":{"0":21,"1":11,"2":4,"3":15},"b":{"0":[4]}}
,"/Users/rafaeltedesco/Documents/patterns/ts-patterns/01-comportamentais/01-strategy/01-example-street-fighter/abstracts/narratorPlayer.ts": {"path":"/Users/rafaeltedesco/Documents/patterns/ts-patterns/01-comportamentais/01-strategy/01-example-street-fighter/abstracts/narratorPlayer.ts","statementMap":{"0":{"start":{"line":10,"column":0},"end":{"line":10,"column":30}}},"fnMap":{},"branchMap":{},"s":{"0":3},"f":{},"b":{}}
,"/Users/rafaeltedesco/Documents/patterns/ts-patterns/01-comportamentais/01-strategy/01-example-street-fighter/abstracts/player.ts": {"path":"/Users/rafaeltedesco/Documents/patterns/ts-patterns/01-comportamentais/01-strategy/01-example-street-fighter/abstracts/player.ts","statementMap":{"0":{"start":{"line":1,"column":0},"end":{"line":1,"column":54}},"1":{"start":{"line":5,"column":2},"end":{"line":5,"column":17}},"2":{"start":{"line":7,"column":10},"end":{"line":7,"column":22}},"3":{"start":{"line":8,"column":10},"end":{"line":8,"column":26}},"4":{"start":{"line":11,"column":4},"end":{"line":11,"column":22}},"5":{"start":{"line":15,"column":4},"end":{"line":15,"column":22}},"6":{"start":{"line":19,"column":4},"end":{"line":19,"column":23}},"7":{"start":{"line":23,"column":4},"end":{"line":23,"column":24}},"8":{"start":{"line":27,"column":4},"end":{"line":27,"column":27}},"9":{"start":{"line":31,"column":4},"end":{"line":31,"column":32}},"10":{"start":{"line":35,"column":4},"end":{"line":35,"column":67}},"11":{"start":{"line":36,"column":4},"end":{"line":36,"column":22}},"12":{"start":{"line":40,"column":0},"end":{"line":40,"column":22}}},"fnMap":{"0":{"name":"(anonymous_8)","decl":{"start":{"line":10,"column":2},"end":{"line":10,"column":14}},"loc":{"start":{"line":10,"column":26},"end":{"line":12,"column":3}}},"1":{"name":"(anonymous_9)","decl":{"start":{"line":14,"column":2},"end":{"line":14,"column":6}},"loc":{"start":{"line":14,"column":10},"end":{"line":16,"column":3}}},"2":{"name":"(anonymous_10)","decl":{"start":{"line":18,"column":2},"end":{"line":18,"column":6}},"loc":{"start":{"line":18,"column":11},"end":{"line":20,"column":3}}},"3":{"name":"(anonymous_11)","decl":{"start":{"line":22,"column":2},"end":{"line":22,"column":6}},"loc":{"start":{"line":22,"column":25},"end":{"line":24,"column":3}}},"4":{"name":"(anonymous_12)","decl":{"start":{"line":26,"column":2},"end":{"line":26,"column":6}},"loc":{"start":{"line":26,"column":15},"end":{"line":28,"column":3}}},"5":{"name":"(anonymous_13)","decl":{"start":{"line":30,"column":2},"end":{"line":30,"column":6}},"loc":{"start":{"line":30,"column":33},"end":{"line":32,"column":3}}},"6":{"name":"(anonymous_14)","decl":{"start":{"line":34,"column":8},"end":{"line":34,"column":17}},"loc":{"start":{"line":34,"column":17},"end":{"line":37,"column":null}}}},"branchMap":{},"s":{"0":6,"1":21,"2":21,"3":21,"4":21,"5":32,"6":4,"7":4,"8":4,"9":20,"10":4,"11":4,"12":6},"f":{"0":21,"1":32,"2":4,"3":4,"4":4,"5":20,"6":4},"b":{}}
,"/Users/rafaeltedesco/Documents/patterns/ts-patterns/01-comportamentais/01-strategy/01-example-street-fighter/players/akuma.ts": {"path":"/Users/rafaeltedesco/Documents/patterns/ts-patterns/01-comportamentais/01-strategy/01-example-street-fighter/players/akuma.ts","statementMap":{"0":{"start":{"line":1,"column":0},"end":{"line":1,"column":24}},"1":{"start":{"line":2,"column":0},"end":{"line":2,"column":51}},"2":{"start":{"line":3,"column":0},"end":{"line":3,"column":50}},"3":{"start":{"line":7,"column":4},"end":{"line":7,"column":48}},"4":{"start":{"line":8,"column":4},"end":{"line":8,"column":75}},"5":{"start":{"line":12,"column":0},"end":{"line":12,"column":21}}},"fnMap":{"0":{"name":"(anonymous_1)","decl":{"start":{"line":6,"column":2},"end":{"line":6,"column":null}},"loc":{"start":{"line":6,"column":2},"end":{"line":9,"column":3}}}},"branchMap":{},"s":{"0":5,"1":5,"2":5,"3":10,"4":10,"5":5},"f":{"0":10},"b":{}}
,"/Users/rafaeltedesco/Documents/patterns/ts-patterns/01-comportamentais/01-strategy/01-example-street-fighter/players/balrog.ts": {"path":"/Users/rafaeltedesco/Documents/patterns/ts-patterns/01-comportamentais/01-strategy/01-example-street-fighter/players/balrog.ts","statementMap":{"0":{"start":{"line":1,"column":0},"end":{"line":1,"column":24}},"1":{"start":{"line":2,"column":0},"end":{"line":2,"column":51}},"2":{"start":{"line":3,"column":0},"end":{"line":3,"column":52}},"3":{"start":{"line":7,"column":4},"end":{"line":7,"column":50}},"4":{"start":{"line":8,"column":4},"end":{"line":8,"column":76}},"5":{"start":{"line":12,"column":0},"end":{"line":12,"column":22}}},"fnMap":{"0":{"name":"(anonymous_1)","decl":{"start":{"line":6,"column":2},"end":{"line":6,"column":null}},"loc":{"start":{"line":6,"column":2},"end":{"line":9,"column":3}}}},"branchMap":{},"s":{"0":5,"1":5,"2":5,"3":10,"4":10,"5":5},"f":{"0":10},"b":{}}
,"/Users/rafaeltedesco/Documents/patterns/ts-patterns/01-comportamentais/01-strategy/01-example-street-fighter/players/narrator.ts": {"path":"/Users/rafaeltedesco/Documents/patterns/ts-patterns/01-comportamentais/01-strategy/01-example-street-fighter/players/narrator.ts","statementMap":{"0":{"start":{"line":1,"column":0},"end":{"line":1,"column":57}},"1":{"start":{"line":5,"column":10},"end":{"line":5,"column":21}},"2":{"start":{"line":8,"column":4},"end":{"line":8,"column":69}},"3":{"start":{"line":8,"column":33},"end":{"line":8,"column":69}},"4":{"start":{"line":9,"column":4},"end":{"line":9,"column":22}},"5":{"start":{"line":13,"column":4},"end":{"line":13,"column":42}},"6":{"start":{"line":17,"column":0},"end":{"line":17,"column":24}}},"fnMap":{"0":{"name":"(anonymous_8)","decl":{"start":{"line":4,"column":0},"end":{"line":4,"column":6}},"loc":{"start":{"line":4,"column":0},"end":{"line":15,"column":1}}},"1":{"name":"(anonymous_9)","decl":{"start":{"line":7,"column":2},"end":{"line":7,"column":11}},"loc":{"start":{"line":7,"column":11},"end":{"line":10,"column":3}}},"2":{"name":"(anonymous_10)","decl":{"start":{"line":12,"column":8},"end":{"line":12,"column":19}},"loc":{"start":{"line":12,"column":35},"end":{"line":14,"column":null}}}},"branchMap":{"0":{"loc":{"start":{"line":8,"column":4},"end":{"line":8,"column":69}},"type":"if","locations":[{"start":{"line":8,"column":4},"end":{"line":8,"column":69}}]}},"s":{"0":3,"1":7,"2":5,"3":1,"4":4,"5":4,"6":3},"f":{"0":7,"1":5,"2":4},"b":{"0":[1]}}
,"/Users/rafaeltedesco/Documents/patterns/ts-patterns/01-comportamentais/01-strategy/01-example-street-fighter/players/attacks/akumaAttacks.ts": {"path":"/Users/rafaeltedesco/Documents/patterns/ts-patterns/01-comportamentais/01-strategy/01-example-street-fighter/players/attacks/akumaAttacks.ts","statementMap":{"0":{"start":{"line":4,"column":2},"end":{"line":4,"column":29}},"1":{"start":{"line":5,"column":2},"end":{"line":5,"column":50}},"2":{"start":{"line":8,"column":0},"end":{"line":8,"column":28}}},"fnMap":{"0":{"name":"(anonymous_0)","decl":{"start":{"line":3,"column":0},"end":{"line":3,"column":6}},"loc":{"start":{"line":3,"column":0},"end":{"line":6,"column":1}}}},"branchMap":{},"s":{"0":10,"1":10,"2":5},"f":{"0":10},"b":{}}
,"/Users/rafaeltedesco/Documents/patterns/ts-patterns/01-comportamentais/01-strategy/01-example-street-fighter/players/attacks/balrogAttacks.ts": {"path":"/Users/rafaeltedesco/Documents/patterns/ts-patterns/01-comportamentais/01-strategy/01-example-street-fighter/players/attacks/balrogAttacks.ts","statementMap":{"0":{"start":{"line":4,"column":2},"end":{"line":4,"column":31}},"1":{"start":{"line":5,"column":2},"end":{"line":5,"column":41}},"2":{"start":{"line":8,"column":0},"end":{"line":8,"column":29}}},"fnMap":{"0":{"name":"(anonymous_0)","decl":{"start":{"line":3,"column":0},"end":{"line":3,"column":6}},"loc":{"start":{"line":3,"column":0},"end":{"line":6,"column":1}}}},"branchMap":{},"s":{"0":10,"1":10,"2":5},"f":{"0":10},"b":{}}
,"/Users/rafaeltedesco/Documents/patterns/ts-patterns/01-comportamentais/01-strategy/02-example-payment-methods/domain/entities/account.ts": {"path":"/Users/rafaeltedesco/Documents/patterns/ts-patterns/01-comportamentais/01-strategy/02-example-payment-methods/domain/entities/account.ts","statementMap":{"0":{"start":{"line":4,"column":10},"end":{"line":4,"column":23}},"1":{"start":{"line":8,"column":4},"end":{"line":8,"column":37}},"2":{"start":{"line":8,"column":15},"end":{"line":8,"column":37}},"3":{"start":{"line":12,"column":4},"end":{"line":12,"column":27}},"4":{"start":{"line":16,"column":4},"end":{"line":17,"column":77}},"5":{"start":{"line":17,"column":6},"end":{"line":17,"column":77}},"6":{"start":{"line":18,"column":4},"end":{"line":18,"column":27}},"7":{"start":{"line":22,"column":4},"end":{"line":22,"column":43}},"8":{"start":{"line":26,"column":4},"end":{"line":26,"column":60}},"9":{"start":{"line":30,"column":4},"end":{"line":31,"column":62}},"10":{"start":{"line":31,"column":6},"end":{"line":31,"column":62}},"11":{"start":{"line":32,"column":4},"end":{"line":32,"column":77}},"12":{"start":{"line":32,"column":30},"end":{"line":32,"column":77}},"13":{"start":{"line":33,"column":4},"end":{"line":33,"column":65}},"14":{"start":{"line":34,"column":4},"end":{"line":34,"column":27}},"15":{"start":{"line":38,"column":4},"end":{"line":38,"column":25}},"16":{"start":{"line":42,"column":0},"end":{"line":42,"column":23}}},"fnMap":{"0":{"name":"(anonymous_0)","decl":{"start":{"line":7,"column":2},"end":{"line":7,"column":14}},"loc":{"start":{"line":7,"column":28},"end":{"line":9,"column":3}}},"1":{"name":"(anonymous_1)","decl":{"start":{"line":11,"column":2},"end":{"line":11,"column":9}},"loc":{"start":{"line":11,"column":23},"end":{"line":13,"column":3}}},"2":{"name":"(anonymous_2)","decl":{"start":{"line":15,"column":2},"end":{"line":15,"column":10}},"loc":{"start":{"line":15,"column":24},"end":{"line":19,"column":3}}},"3":{"name":"(anonymous_3)","decl":{"start":{"line":21,"column":2},"end":{"line":21,"column":18}},"loc":{"start":{"line":21,"column":50},"end":{"line":23,"column":3}}},"4":{"name":"(anonymous_4)","decl":{"start":{"line":25,"column":2},"end":{"line":25,"column":8}},"loc":{"start":{"line":25,"column":25},"end":{"line":27,"column":3}}},"5":{"name":"(anonymous_5)","decl":{"start":{"line":29,"column":2},"end":{"line":29,"column":10}},"loc":{"start":{"line":29,"column":42},"end":{"line":35,"column":3}}},"6":{"name":"(anonymous_6)","decl":{"start":{"line":37,"column":2},"end":{"line":37,"column":6}},"loc":{"start":{"line":37,"column":13},"end":{"line":39,"column":3}}}},"branchMap":{"0":{"loc":{"start":{"line":8,"column":4},"end":{"line":8,"column":37}},"type":"if","locations":[{"start":{"line":8,"column":4},"end":{"line":8,"column":37}}]},"1":{"loc":{"start":{"line":16,"column":4},"end":{"line":17,"column":77}},"type":"if","locations":[{"start":{"line":16,"column":4},"end":{"line":17,"column":77}}]},"2":{"loc":{"start":{"line":30,"column":4},"end":{"line":31,"column":62}},"type":"if","locations":[{"start":{"line":30,"column":4},"end":{"line":31,"column":62}}]},"3":{"loc":{"start":{"line":32,"column":4},"end":{"line":32,"column":77}},"type":"if","locations":[{"start":{"line":32,"column":4},"end":{"line":32,"column":77}}]}},"s":{"0":16,"1":16,"2":12,"3":8,"4":6,"5":2,"6":4,"7":5,"8":5,"9":6,"10":1,"11":5,"12":1,"13":4,"14":3,"15":7,"16":2},"f":{"0":16,"1":8,"2":6,"3":5,"4":5,"5":6,"6":7},"b":{"0":[12],"1":[2],"2":[1],"3":[1]}}
,"/Users/rafaeltedesco/Documents/patterns/ts-patterns/01-comportamentais/01-strategy/02-example-payment-methods/domain/strategies/doc.ts": {"path":"/Users/rafaeltedesco/Documents/patterns/ts-patterns/01-comportamentais/01-strategy/02-example-payment-methods/domain/strategies/doc.ts","statementMap":{"0":{"start":{"line":4,"column":2},"end":{"line":4,"column":14}},"1":{"start":{"line":6,"column":4},"end":{"line":6,"column":34}},"2":{"start":{"line":10,"column":0},"end":{"line":10,"column":19}}},"fnMap":{"0":{"name":"(anonymous_0)","decl":{"start":{"line":3,"column":0},"end":{"line":3,"column":6}},"loc":{"start":{"line":3,"column":0},"end":{"line":8,"column":1}}},"1":{"name":"(anonymous_1)","decl":{"start":{"line":5,"column":2},"end":{"line":5,"column":19}},"loc":{"start":{"line":5,"column":33},"end":{"line":7,"column":3}}}},"branchMap":{},"s":{"0":1,"1":1,"2":1},"f":{"0":1,"1":1},"b":{}}
,"/Users/rafaeltedesco/Documents/patterns/ts-patterns/01-comportamentais/01-strategy/02-example-payment-methods/domain/strategies/paymentSlip.ts": {"path":"/Users/rafaeltedesco/Documents/patterns/ts-patterns/01-comportamentais/01-strategy/02-example-payment-methods/domain/strategies/paymentSlip.ts","statementMap":{"0":{"start":{"line":4,"column":2},"end":{"line":4,"column":19}},"1":{"start":{"line":6,"column":4},"end":{"line":6,"column":37}},"2":{"start":{"line":10,"column":0},"end":{"line":10,"column":27}}},"fnMap":{"0":{"name":"(anonymous_0)","decl":{"start":{"line":3,"column":0},"end":{"line":3,"column":6}},"loc":{"start":{"line":3,"column":0},"end":{"line":8,"column":1}}},"1":{"name":"(anonymous_1)","decl":{"start":{"line":5,"column":2},"end":{"line":5,"column":19}},"loc":{"start":{"line":5,"column":33},"end":{"line":7,"column":3}}}},"branchMap":{},"s":{"0":3,"1":2,"2":1},"f":{"0":3,"1":2},"b":{}}
,"/Users/rafaeltedesco/Documents/patterns/ts-patterns/01-comportamentais/01-strategy/02-example-payment-methods/domain/strategies/ted.ts": {"path":"/Users/rafaeltedesco/Documents/patterns/ts-patterns/01-comportamentais/01-strategy/02-example-payment-methods/domain/strategies/ted.ts","statementMap":{"0":{"start":{"line":4,"column":2},"end":{"line":4,"column":14}},"1":{"start":{"line":6,"column":4},"end":{"line":6,"column":34}},"2":{"start":{"line":10,"column":0},"end":{"line":10,"column":19}}},"fnMap":{"0":{"name":"(anonymous_0)","decl":{"start":{"line":3,"column":0},"end":{"line":3,"column":6}},"loc":{"start":{"line":3,"column":0},"end":{"line":8,"column":1}}},"1":{"name":"(anonymous_1)","decl":{"start":{"line":5,"column":2},"end":{"line":5,"column":19}},"loc":{"start":{"line":5,"column":33},"end":{"line":7,"column":3}}}},"branchMap":{},"s":{"0":1,"1":1,"2":1},"f":{"0":1,"1":1},"b":{}}
,"/Users/rafaeltedesco/Documents/patterns/ts-patterns/01-comportamentais/02-chain-of-responsibility/01-example-storeBranches/domain/abstracts/baseStore.ts": {"path":"/Users/rafaeltedesco/Documents/patterns/ts-patterns/01-comportamentais/02-chain-of-responsibility/01-example-storeBranches/domain/abstracts/baseStore.ts","statementMap":{"0":{"start":{"line":6,"column":10},"end":{"line":6,"column":23}},"1":{"start":{"line":9,"column":2},"end":{"line":9,"column":27}},"2":{"start":{"line":10,"column":2},"end":{"line":10,"column":41}},"3":{"start":{"line":15,"column":27},"end":{"line":15,"column":63}},"4":{"start":{"line":16,"column":4},"end":{"line":16,"column":49}},"5":{"start":{"line":17,"column":4},"end":{"line":17,"column":35}},"6":{"start":{"line":21,"column":4},"end":{"line":21,"column":26}},"7":{"start":{"line":25,"column":23},"end":{"line":26,"column":null}},"8":{"start":{"line":26,"column":22},"end":{"line":26,"column":56}},"9":{"start":{"line":28,"column":4},"end":{"line":28,"column":44}},"10":{"start":{"line":32,"column":4},"end":{"line":32,"column":22}},"11":{"start":{"line":36,"column":4},"end":{"line":36,"column":25}},"12":{"start":{"line":40,"column":4},"end":{"line":40,"column":27}},"13":{"start":{"line":44,"column":4},"end":{"line":47,"column":6}},"14":{"start":{"line":45,"column":41},"end":{"line":45,"column":75}},"15":{"start":{"line":51,"column":0},"end":{"line":51,"column":25}}},"fnMap":{"0":{"name":"(anonymous_0)","decl":{"start":{"line":5,"column":0},"end":{"line":5,"column":15}},"loc":{"start":{"line":5,"column":0},"end":{"line":49,"column":1}}},"1":{"name":"(anonymous_1)","decl":{"start":{"line":14,"column":2},"end":{"line":14,"column":13}},"loc":{"start":{"line":14,"column":37},"end":{"line":18,"column":3}}},"2":{"name":"(anonymous_2)","decl":{"start":{"line":20,"column":2},"end":{"line":20,"column":12}},"loc":{"start":{"line":20,"column":26},"end":{"line":22,"column":3}}},"3":{"name":"(anonymous_3)","decl":{"start":{"line":24,"column":10},"end":{"line":24,"column":33}},"loc":{"start":{"line":24,"column":50},"end":{"line":29,"column":3}}},"4":{"name":"(anonymous_4)","decl":{"start":{"line":26,"column":6},"end":{"line":26,"column":18}},"loc":{"start":{"line":26,"column":22},"end":{"line":26,"column":56}}},"5":{"name":"(anonymous_5)","decl":{"start":{"line":31,"column":2},"end":{"line":31,"column":9}},"loc":{"start":{"line":31,"column":35},"end":{"line":33,"column":3}}},"6":{"name":"(anonymous_6)","decl":{"start":{"line":35,"column":2},"end":{"line":35,"column":6}},"loc":{"start":{"line":35,"column":13},"end":{"line":37,"column":3}}},"7":{"name":"(anonymous_7)","decl":{"start":{"line":39,"column":2},"end":{"line":39,"column":17}},"loc":{"start":{"line":39,"column":31},"end":{"line":41,"column":3}}},"8":{"name":"(anonymous_8)","decl":{"start":{"line":43,"column":2},"end":{"line":43,"column":13}},"loc":{"start":{"line":43,"column":31},"end":{"line":48,"column":3}}},"9":{"name":"(anonymous_9)","decl":{"start":{"line":45,"column":25},"end":{"line":45,"column":37}},"loc":{"start":{"line":45,"column":41},"end":{"line":45,"column":75}}}},"branchMap":{"0":{"loc":{"start":{"line":45,"column":6},"end":{"line":46,"column":10}},"type":"binary-expr","locations":[{"start":{"line":45,"column":6},"end":{"line":45,"column":76}},{"start":{"line":46,"column":6},"end":{"line":46,"column":10}}]}},"s":{"0":16,"1":16,"2":16,"3":3,"4":3,"5":3,"6":1,"7":3,"8":3,"9":3,"10":5,"11":2,"12":1,"13":7,"14":7,"15":4},"f":{"0":16,"1":3,"2":1,"3":3,"4":3,"5":5,"6":2,"7":1,"8":7,"9":7},"b":{"0":[7,1]}}
,"/Users/rafaeltedesco/Documents/patterns/ts-patterns/01-comportamentais/02-chain-of-responsibility/01-example-storeBranches/domain/entities/buyer.ts": {"path":"/Users/rafaeltedesco/Documents/patterns/ts-patterns/01-comportamentais/02-chain-of-responsibility/01-example-storeBranches/domain/entities/buyer.ts","statementMap":{"0":{"start":{"line":9,"column":10},"end":{"line":9,"column":21}},"1":{"start":{"line":10,"column":10},"end":{"line":10,"column":49}},"2":{"start":{"line":13,"column":4},"end":{"line":13,"column":22}},"3":{"start":{"line":14,"column":4},"end":{"line":14,"column":24}},"4":{"start":{"line":18,"column":4},"end":{"line":18,"column":22}},"5":{"start":{"line":22,"column":4},"end":{"line":22,"column":52}},"6":{"start":{"line":22,"column":22},"end":{"line":22,"column":52}},"7":{"start":{"line":23,"column":4},"end":{"line":23,"column":23}},"8":{"start":{"line":27,"column":4},"end":{"line":27,"column":23}},"9":{"start":{"line":34,"column":18},"end":{"line":34,"column":60}},"10":{"start":{"line":35,"column":4},"end":{"line":35,"column":25}},"11":{"start":{"line":39,"column":4},"end":{"line":39,"column":76}},"12":{"start":{"line":39,"column":19},"end":{"line":39,"column":76}},"13":{"start":{"line":40,"column":4},"end":{"line":40,"column":24}},"14":{"start":{"line":44,"column":4},"end":{"line":44,"column":37}},"15":{"start":{"line":48,"column":4},"end":{"line":48,"column":43}},"16":{"start":{"line":52,"column":4},"end":{"line":53,"column":61}},"17":{"start":{"line":53,"column":6},"end":{"line":53,"column":61}},"18":{"start":{"line":54,"column":4},"end":{"line":54,"column":31}},"19":{"start":{"line":55,"column":4},"end":{"line":55,"column":33}},"20":{"start":{"line":56,"column":4},"end":{"line":56,"column":39}},"21":{"start":{"line":63,"column":4},"end":{"line":63,"column":38}},"22":{"start":{"line":67,"column":0},"end":{"line":67,"column":21}}},"fnMap":{"0":{"name":"(anonymous_0)","decl":{"start":{"line":12,"column":2},"end":{"line":12,"column":14}},"loc":{"start":{"line":12,"column":42},"end":{"line":15,"column":3}}},"1":{"name":"(anonymous_1)","decl":{"start":{"line":17,"column":2},"end":{"line":17,"column":6}},"loc":{"start":{"line":17,"column":10},"end":{"line":19,"column":3}}},"2":{"name":"(anonymous_2)","decl":{"start":{"line":21,"column":2},"end":{"line":21,"column":6}},"loc":{"start":{"line":21,"column":11},"end":{"line":24,"column":3}}},"3":{"name":"(anonymous_3)","decl":{"start":{"line":26,"column":2},"end":{"line":26,"column":6}},"loc":{"start":{"line":26,"column":11},"end":{"line":28,"column":3}}},"4":{"name":"(anonymous_4)","decl":{"start":{"line":30,"column":2},"end":{"line":30,"column":8}},"loc":{"start":{"line":32,"column":24},"end":{"line":36,"column":3}}},"5":{"name":"(anonymous_5)","decl":{"start":{"line":38,"column":2},"end":{"line":38,"column":10}},"loc":{"start":{"line":38,"column":24},"end":{"line":41,"column":3}}},"6":{"name":"(anonymous_6)","decl":{"start":{"line":43,"column":2},"end":{"line":43,"column":6}},"loc":{"start":{"line":43,"column":20},"end":{"line":45,"column":3}}},"7":{"name":"(anonymous_7)","decl":{"start":{"line":47,"column":2},"end":{"line":47,"column":8}},"loc":{"start":{"line":47,"column":32},"end":{"line":49,"column":3}}},"8":{"name":"(anonymous_8)","decl":{"start":{"line":51,"column":2},"end":{"line":51,"column":12}},"loc":{"start":{"line":51,"column":63},"end":{"line":57,"column":3}}},"9":{"name":"(anonymous_9)","decl":{"start":{"line":59,"column":2},"end":{"line":59,"column":8}},"loc":{"start":{"line":61,"column":29},"end":{"line":64,"column":3}}}},"branchMap":{"0":{"loc":{"start":{"line":22,"column":4},"end":{"line":22,"column":52}},"type":"if","locations":[{"start":{"line":22,"column":4},"end":{"line":22,"column":52}}]},"1":{"loc":{"start":{"line":35,"column":11},"end":{"line":35,"column":24}},"type":"binary-expr","locations":[{"start":{"line":35,"column":11},"end":{"line":35,"column":16}},{"start":{"line":35,"column":20},"end":{"line":35,"column":24}}]},"2":{"loc":{"start":{"line":39,"column":4},"end":{"line":39,"column":76}},"type":"if","locations":[{"start":{"line":39,"column":4},"end":{"line":39,"column":76}}]},"3":{"loc":{"start":{"line":52,"column":4},"end":{"line":53,"column":61}},"type":"if","locations":[{"start":{"line":52,"column":4},"end":{"line":53,"column":61}}]}},"s":{"0":9,"1":9,"2":9,"3":9,"4":2,"5":3,"6":1,"7":2,"8":2,"9":6,"10":6,"11":6,"12":1,"13":5,"14":1,"15":4,"16":4,"17":1,"18":3,"19":3,"20":3,"21":3,"22":3},"f":{"0":9,"1":2,"2":3,"3":2,"4":6,"5":6,"6":1,"7":4,"8":4,"9":3},"b":{"0":[1],"1":[6,1],"2":[1],"3":[1]}}
,"/Users/rafaeltedesco/Documents/patterns/ts-patterns/01-comportamentais/02-chain-of-responsibility/01-example-storeBranches/domain/entities/clothingStore.ts": {"path":"/Users/rafaeltedesco/Documents/patterns/ts-patterns/01-comportamentais/02-chain-of-responsibility/01-example-storeBranches/domain/entities/clothingStore.ts","statementMap":{"0":{"start":{"line":2,"column":0},"end":{"line":2,"column":47}},"1":{"start":{"line":5,"column":0},"end":{"line":5,"column":60}},"2":{"start":{"line":11,"column":4},"end":{"line":11,"column":12}},"3":{"start":{"line":8,"column":2},"end":{"line":8,"column":30}},"4":{"start":{"line":9,"column":2},"end":{"line":9,"column":35}},"5":{"start":{"line":12,"column":4},"end":{"line":12,"column":31}},"6":{"start":{"line":12,"column":14},"end":{"line":12,"column":31}},"7":{"start":{"line":16,"column":25},"end":{"line":17,"column":null}},"8":{"start":{"line":17,"column":22},"end":{"line":17,"column":56}},"9":{"start":{"line":19,"column":4},"end":{"line":19,"column":34}},"10":{"start":{"line":19,"column":22},"end":{"line":19,"column":34}},"11":{"start":{"line":20,"column":4},"end":{"line":20,"column":32}},"12":{"start":{"line":20,"column":20},"end":{"line":20,"column":32}},"13":{"start":{"line":21,"column":4},"end":{"line":21,"column":41}},"14":{"start":{"line":25,"column":0},"end":{"line":25,"column":29}}},"fnMap":{"0":{"name":"(anonymous_1)","decl":{"start":{"line":10,"column":2},"end":{"line":10,"column":14}},"loc":{"start":{"line":10,"column":27},"end":{"line":13,"column":3}}},"1":{"name":"(anonymous_2)","decl":{"start":{"line":15,"column":2},"end":{"line":15,"column":12}},"loc":{"start":{"line":15,"column":30},"end":{"line":22,"column":3}}},"2":{"name":"(anonymous_3)","decl":{"start":{"line":17,"column":6},"end":{"line":17,"column":18}},"loc":{"start":{"line":17,"column":22},"end":{"line":17,"column":56}}}},"branchMap":{"0":{"loc":{"start":{"line":12,"column":4},"end":{"line":12,"column":31}},"type":"if","locations":[{"start":{"line":12,"column":4},"end":{"line":12,"column":31}}]},"1":{"loc":{"start":{"line":19,"column":4},"end":{"line":19,"column":34}},"type":"if","locations":[{"start":{"line":19,"column":4},"end":{"line":19,"column":34}}]},"2":{"loc":{"start":{"line":20,"column":4},"end":{"line":20,"column":32}},"type":"if","locations":[{"start":{"line":20,"column":4},"end":{"line":20,"column":32}}]}},"s":{"0":4,"1":4,"2":7,"3":7,"4":7,"5":7,"6":1,"7":11,"8":11,"9":11,"10":4,"11":7,"12":1,"13":6,"14":4},"f":{"0":7,"1":11,"2":11},"b":{"0":[1],"1":[4],"2":[1]}}
,"/Users/rafaeltedesco/Documents/patterns/ts-patterns/01-comportamentais/02-chain-of-responsibility/01-example-storeBranches/domain/entities/groceryStore.ts": {"path":"/Users/rafaeltedesco/Documents/patterns/ts-patterns/01-comportamentais/02-chain-of-responsibility/01-example-storeBranches/domain/entities/groceryStore.ts","statementMap":{"0":{"start":{"line":2,"column":0},"end":{"line":2,"column":47}},"1":{"start":{"line":5,"column":0},"end":{"line":5,"column":70}},"2":{"start":{"line":12,"column":4},"end":{"line":12,"column":12}},"3":{"start":{"line":8,"column":2},"end":{"line":8,"column":27}},"4":{"start":{"line":9,"column":2},"end":{"line":9,"column":40}},"5":{"start":{"line":13,"column":4},"end":{"line":13,"column":31}},"6":{"start":{"line":13,"column":14},"end":{"line":13,"column":31}},"7":{"start":{"line":17,"column":25},"end":{"line":18,"column":null}},"8":{"start":{"line":18,"column":22},"end":{"line":18,"column":56}},"9":{"start":{"line":20,"column":4},"end":{"line":20,"column":34}},"10":{"start":{"line":20,"column":22},"end":{"line":20,"column":34}},"11":{"start":{"line":21,"column":4},"end":{"line":21,"column":32}},"12":{"start":{"line":21,"column":20},"end":{"line":21,"column":32}},"13":{"start":{"line":22,"column":4},"end":{"line":22,"column":41}},"14":{"start":{"line":26,"column":0},"end":{"line":26,"column":28}}},"fnMap":{"0":{"name":"(anonymous_1)","decl":{"start":{"line":11,"column":2},"end":{"line":11,"column":14}},"loc":{"start":{"line":11,"column":27},"end":{"line":14,"column":3}}},"1":{"name":"(anonymous_2)","decl":{"start":{"line":16,"column":2},"end":{"line":16,"column":12}},"loc":{"start":{"line":16,"column":30},"end":{"line":23,"column":3}}},"2":{"name":"(anonymous_3)","decl":{"start":{"line":18,"column":6},"end":{"line":18,"column":18}},"loc":{"start":{"line":18,"column":22},"end":{"line":18,"column":56}}}},"branchMap":{"0":{"loc":{"start":{"line":13,"column":4},"end":{"line":13,"column":31}},"type":"if","locations":[{"start":{"line":13,"column":4},"end":{"line":13,"column":31}}]},"1":{"loc":{"start":{"line":20,"column":4},"end":{"line":20,"column":34}},"type":"if","locations":[{"start":{"line":20,"column":4},"end":{"line":20,"column":34}}]},"2":{"loc":{"start":{"line":21,"column":4},"end":{"line":21,"column":32}},"type":"if","locations":[{"start":{"line":21,"column":4},"end":{"line":21,"column":32}}]}},"s":{"0":4,"1":4,"2":9,"3":9,"4":9,"5":9,"6":1,"7":8,"8":8,"9":8,"10":6,"11":2,"12":1,"13":1,"14":4},"f":{"0":9,"1":8,"2":8},"b":{"0":[1],"1":[6],"2":[1]}}
,"/Users/rafaeltedesco/Documents/patterns/ts-patterns/01-comportamentais/02-chain-of-responsibility/01-example-storeBranches/domain/entities/megaStore.ts": {"path":"/Users/rafaeltedesco/Documents/patterns/ts-patterns/01-comportamentais/02-chain-of-responsibility/01-example-storeBranches/domain/entities/megaStore.ts","statementMap":{"0":{"start":{"line":5,"column":10},"end":{"line":5,"column":56}},"1":{"start":{"line":8,"column":4},"end":{"line":8,"column":29}},"2":{"start":{"line":12,"column":18},"end":{"line":12,"column":55}},"3":{"start":{"line":13,"column":4},"end":{"line":13,"column":25}},"4":{"start":{"line":17,"column":0},"end":{"line":17,"column":25}}},"fnMap":{"0":{"name":"(anonymous_0)","decl":{"start":{"line":4,"column":0},"end":{"line":4,"column":6}},"loc":{"start":{"line":4,"column":0},"end":{"line":15,"column":1}}},"1":{"name":"(anonymous_1)","decl":{"start":{"line":7,"column":2},"end":{"line":7,"column":6}},"loc":{"start":{"line":7,"column":42},"end":{"line":9,"column":3}}},"2":{"name":"(anonymous_2)","decl":{"start":{"line":11,"column":2},"end":{"line":11,"column":25}},"loc":{"start":{"line":11,"column":43},"end":{"line":14,"column":3}}}},"branchMap":{"0":{"loc":{"start":{"line":12,"column":18},"end":{"line":12,"column":55}},"type":"cond-expr","locations":[{"start":{"line":12,"column":34},"end":{"line":12,"column":36}},{"start":{"line":12,"column":34},"end":{"line":12,"column":55}}]},"1":{"loc":{"start":{"line":12,"column":18},"end":{"line":12,"column":36}},"type":"binary-expr","locations":[{"start":{"line":12,"column":18},"end":{"line":12,"column":36}},{"start":{"line":12,"column":34},"end":{"line":12,"column":36}}]},"2":{"loc":{"start":{"line":13,"column":11},"end":{"line":13,"column":24}},"type":"binary-expr","locations":[{"start":{"line":13,"column":11},"end":{"line":13,"column":16}},{"start":{"line":13,"column":20},"end":{"line":13,"column":24}}]}},"s":{"0":4,"1":3,"2":9,"3":9,"4":3},"f":{"0":4,"1":3,"2":9},"b":{"0":[1,8],"1":[9,8],"2":[9,1]}}
,"/Users/rafaeltedesco/Documents/patterns/ts-patterns/01-comportamentais/02-chain-of-responsibility/01-example-storeBranches/domain/entities/buyableProducts/BuyablepotatoChips.ts": {"path":"/Users/rafaeltedesco/Documents/patterns/ts-patterns/01-comportamentais/02-chain-of-responsibility/01-example-storeBranches/domain/entities/buyableProducts/BuyablepotatoChips.ts","statementMap":{"0":{"start":{"line":4,"column":2},"end":{"line":4,"column":14}},"1":{"start":{"line":5,"column":2},"end":{"line":5,"column":17}},"2":{"start":{"line":6,"column":2},"end":{"line":6,"column":24}},"3":{"start":{"line":9,"column":0},"end":{"line":9,"column":34}}},"fnMap":{"0":{"name":"(anonymous_0)","decl":{"start":{"line":3,"column":0},"end":{"line":3,"column":6}},"loc":{"start":{"line":3,"column":0},"end":{"line":7,"column":1}}}},"branchMap":{},"s":{"0":9,"1":9,"2":9,"3":4},"f":{"0":9},"b":{}}
,"/Users/rafaeltedesco/Documents/patterns/ts-patterns/01-comportamentais/02-chain-of-responsibility/01-example-storeBranches/domain/entities/buyableProducts/BuyabletShirt.ts": {"path":"/Users/rafaeltedesco/Documents/patterns/ts-patterns/01-comportamentais/02-chain-of-responsibility/01-example-storeBranches/domain/entities/buyableProducts/BuyabletShirt.ts","statementMap":{"0":{"start":{"line":4,"column":2},"end":{"line":4,"column":15}},"1":{"start":{"line":5,"column":2},"end":{"line":5,"column":16}},"2":{"start":{"line":6,"column":2},"end":{"line":6,"column":19}},"3":{"start":{"line":9,"column":0},"end":{"line":9,"column":29}}},"fnMap":{"0":{"name":"(anonymous_0)","decl":{"start":{"line":3,"column":0},"end":{"line":3,"column":6}},"loc":{"start":{"line":3,"column":0},"end":{"line":7,"column":1}}}},"branchMap":{},"s":{"0":7,"1":7,"2":7,"3":4},"f":{"0":7},"b":{}}
,"/Users/rafaeltedesco/Documents/patterns/ts-patterns/01-comportamentais/02-chain-of-responsibility/01-example-storeBranches/domain/entities/products/potatoChips.ts": {"path":"/Users/rafaeltedesco/Documents/patterns/ts-patterns/01-comportamentais/02-chain-of-responsibility/01-example-storeBranches/domain/entities/products/potatoChips.ts","statementMap":{"0":{"start":{"line":4,"column":2},"end":{"line":4,"column":24}},"1":{"start":{"line":7,"column":0},"end":{"line":7,"column":27}}},"fnMap":{"0":{"name":"(anonymous_0)","decl":{"start":{"line":3,"column":0},"end":{"line":3,"column":6}},"loc":{"start":{"line":3,"column":0},"end":{"line":5,"column":1}}}},"branchMap":{},"s":{"0":7,"1":3},"f":{"0":7},"b":{}}
,"/Users/rafaeltedesco/Documents/patterns/ts-patterns/01-comportamentais/02-chain-of-responsibility/01-example-storeBranches/domain/entities/products/tShirt.ts": {"path":"/Users/rafaeltedesco/Documents/patterns/ts-patterns/01-comportamentais/02-chain-of-responsibility/01-example-storeBranches/domain/entities/products/tShirt.ts","statementMap":{"0":{"start":{"line":4,"column":2},"end":{"line":4,"column":19}},"1":{"start":{"line":7,"column":0},"end":{"line":7,"column":22}}},"fnMap":{"0":{"name":"(anonymous_0)","decl":{"start":{"line":3,"column":0},"end":{"line":3,"column":6}},"loc":{"start":{"line":3,"column":0},"end":{"line":5,"column":1}}}},"branchMap":{},"s":{"0":7,"1":4},"f":{"0":7},"b":{}}
,"/Users/rafaeltedesco/Documents/patterns/ts-patterns/01-comportamentais/02-chain-of-responsibility/02-example-marketService/domain/entities/market.ts": {"path":"/Users/rafaeltedesco/Documents/patterns/ts-patterns/01-comportamentais/02-chain-of-responsibility/02-example-marketService/domain/entities/market.ts","statementMap":{"0":{"start":{"line":6,"column":10},"end":{"line":6,"column":23}},"1":{"start":{"line":7,"column":10},"end":{"line":7,"column":31}},"2":{"start":{"line":11,"column":4},"end":{"line":11,"column":40}},"3":{"start":{"line":15,"column":4},"end":{"line":15,"column":25}},"4":{"start":{"line":19,"column":4},"end":{"line":19,"column":28}},"5":{"start":{"line":23,"column":4},"end":{"line":23,"column":61}},"6":{"start":{"line":24,"column":4},"end":{"line":24,"column":43}},"7":{"start":{"line":28,"column":4},"end":{"line":28,"column":31}},"8":{"start":{"line":32,"column":0},"end":{"line":32,"column":22}}},"fnMap":{"0":{"name":"(anonymous_0)","decl":{"start":{"line":10,"column":2},"end":{"line":10,"column":14}},"loc":{"start":{"line":10,"column":42},"end":{"line":12,"column":3}}},"1":{"name":"(anonymous_1)","decl":{"start":{"line":14,"column":2},"end":{"line":14,"column":6}},"loc":{"start":{"line":14,"column":13},"end":{"line":16,"column":3}}},"2":{"name":"(anonymous_2)","decl":{"start":{"line":18,"column":2},"end":{"line":18,"column":6}},"loc":{"start":{"line":18,"column":11},"end":{"line":20,"column":3}}},"3":{"name":"(anonymous_3)","decl":{"start":{"line":22,"column":2},"end":{"line":22,"column":14}},"loc":{"start":{"line":22,"column":35},"end":{"line":25,"column":3}}},"4":{"name":"(anonymous_4)","decl":{"start":{"line":27,"column":2},"end":{"line":27,"column":10}},"loc":{"start":{"line":27,"column":28},"end":{"line":29,"column":3}}}},"branchMap":{},"s":{"0":3,"1":3,"2":3,"3":1,"4":3,"5":2,"6":2,"7":4,"8":2},"f":{"0":3,"1":1,"2":3,"3":2,"4":4},"b":{}}
,"/Users/rafaeltedesco/Documents/patterns/ts-patterns/01-comportamentais/02-chain-of-responsibility/02-example-marketService/domain/entities/marketService.ts": {"path":"/Users/rafaeltedesco/Documents/patterns/ts-patterns/01-comportamentais/02-chain-of-responsibility/02-example-marketService/domain/entities/marketService.ts","statementMap":{"0":{"start":{"line":5,"column":10},"end":{"line":5,"column":40}},"1":{"start":{"line":8,"column":4},"end":{"line":8,"column":38}},"2":{"start":{"line":12,"column":4},"end":{"line":12,"column":59}},"3":{"start":{"line":12,"column":41},"end":{"line":12,"column":57}},"4":{"start":{"line":16,"column":0},"end":{"line":16,"column":29}}},"fnMap":{"0":{"name":"(anonymous_0)","decl":{"start":{"line":4,"column":0},"end":{"line":4,"column":6}},"loc":{"start":{"line":4,"column":0},"end":{"line":14,"column":1}}},"1":{"name":"(anonymous_1)","decl":{"start":{"line":7,"column":2},"end":{"line":7,"column":22}},"loc":{"start":{"line":7,"column":40},"end":{"line":9,"column":3}}},"2":{"name":"(anonymous_2)","decl":{"start":{"line":11,"column":2},"end":{"line":11,"column":7}},"loc":{"start":{"line":11,"column":23},"end":{"line":13,"column":3}}},"3":{"name":"(anonymous_3)","decl":{"start":{"line":12,"column":33},"end":{"line":12,"column":37}},"loc":{"start":{"line":12,"column":41},"end":{"line":12,"column":57}}}},"branchMap":{},"s":{"0":3,"1":2,"2":2,"3":9,"4":2},"f":{"0":3,"1":2,"2":2,"3":9},"b":{}}
,"/Users/rafaeltedesco/Documents/patterns/ts-patterns/01-comportamentais/02-chain-of-responsibility/02-example-marketService/domain/entities/foods/baseFood.ts": {"path":"/Users/rafaeltedesco/Documents/patterns/ts-patterns/01-comportamentais/02-chain-of-responsibility/02-example-marketService/domain/entities/foods/baseFood.ts","statementMap":{"0":{"start":{"line":5,"column":12},"end":{"line":5,"column":25}},"1":{"start":{"line":6,"column":12},"end":{"line":6,"column":26}},"2":{"start":{"line":10,"column":4},"end":{"line":10,"column":35}},"3":{"start":{"line":10,"column":15},"end":{"line":10,"column":35}},"4":{"start":{"line":11,"column":4},"end":{"line":11,"column":44}},"5":{"start":{"line":11,"column":18},"end":{"line":11,"column":44}},"6":{"start":{"line":15,"column":4},"end":{"line":15,"column":23}},"7":{"start":{"line":19,"column":4},"end":{"line":19,"column":26}},"8":{"start":{"line":23,"column":4},"end":{"line":23,"column":24}},"9":{"start":{"line":27,"column":4},"end":{"line":27,"column":30}},"10":{"start":{"line":31,"column":0},"end":{"line":31,"column":24}}},"fnMap":{"0":{"name":"(anonymous_0)","decl":{"start":{"line":9,"column":2},"end":{"line":9,"column":14}},"loc":{"start":{"line":9,"column":47},"end":{"line":12,"column":3}}},"1":{"name":"(anonymous_1)","decl":{"start":{"line":14,"column":2},"end":{"line":14,"column":6}},"loc":{"start":{"line":14,"column":11},"end":{"line":16,"column":3}}},"2":{"name":"(anonymous_2)","decl":{"start":{"line":18,"column":2},"end":{"line":18,"column":6}},"loc":{"start":{"line":18,"column":14},"end":{"line":20,"column":3}}},"3":{"name":"(anonymous_3)","decl":{"start":{"line":22,"column":2},"end":{"line":22,"column":6}},"loc":{"start":{"line":22,"column":6},"end":{"line":24,"column":3}}},"4":{"name":"(anonymous_4)","decl":{"start":{"line":26,"column":2},"end":{"line":26,"column":12}},"loc":{"start":{"line":26,"column":12},"end":{"line":28,"column":3}}}},"branchMap":{"0":{"loc":{"start":{"line":10,"column":4},"end":{"line":10,"column":35}},"type":"if","locations":[{"start":{"line":10,"column":4},"end":{"line":10,"column":35}}]},"1":{"loc":{"start":{"line":11,"column":4},"end":{"line":11,"column":44}},"type":"if","locations":[{"start":{"line":11,"column":4},"end":{"line":11,"column":44}}]}},"s":{"0":54,"1":54,"2":54,"3":38,"4":54,"5":1,"6":86,"7":1,"8":35,"9":43,"10":6},"f":{"0":54,"1":86,"2":1,"3":35,"4":43},"b":{"0":[38],"1":[1]}}
,"/Users/rafaeltedesco/Documents/patterns/ts-patterns/01-comportamentais/02-chain-of-responsibility/02-example-marketService/domain/entities/foods/healthyFoods/apple.ts": {"path":"/Users/rafaeltedesco/Documents/patterns/ts-patterns/01-comportamentais/02-chain-of-responsibility/02-example-marketService/domain/entities/foods/healthyFoods/apple.ts","statementMap":{"0":{"start":{"line":1,"column":0},"end":{"line":1,"column":35}},"1":{"start":{"line":4,"column":2},"end":{"line":4,"column":17}},"2":{"start":{"line":5,"column":2},"end":{"line":5,"column":19}},"3":{"start":{"line":8,"column":0},"end":{"line":8,"column":21}}},"fnMap":{"0":{"name":"(anonymous_1)","decl":{"start":{"line":3,"column":0},"end":{"line":3,"column":6}},"loc":{"start":{"line":3,"column":0},"end":{"line":6,"column":1}}}},"branchMap":{},"s":{"0":6,"1":8,"2":8,"3":6},"f":{"0":8},"b":{}}
,"/Users/rafaeltedesco/Documents/patterns/ts-patterns/01-comportamentais/02-chain-of-responsibility/02-example-marketService/domain/entities/foods/healthyFoods/broccoli.ts": {"path":"/Users/rafaeltedesco/Documents/patterns/ts-patterns/01-comportamentais/02-chain-of-responsibility/02-example-marketService/domain/entities/foods/healthyFoods/broccoli.ts","statementMap":{"0":{"start":{"line":1,"column":0},"end":{"line":1,"column":35}},"1":{"start":{"line":4,"column":2},"end":{"line":4,"column":20}},"2":{"start":{"line":5,"column":2},"end":{"line":5,"column":19}},"3":{"start":{"line":7,"column":0},"end":{"line":7,"column":24}}},"fnMap":{"0":{"name":"(anonymous_1)","decl":{"start":{"line":3,"column":0},"end":{"line":3,"column":6}},"loc":{"start":{"line":3,"column":0},"end":{"line":6,"column":1}}}},"branchMap":{},"s":{"0":6,"1":6,"2":6,"3":6},"f":{"0":6},"b":{}}
,"/Users/rafaeltedesco/Documents/patterns/ts-patterns/01-comportamentais/02-chain-of-responsibility/02-example-marketService/domain/entities/foods/healthyFoods/index.ts": {"path":"/Users/rafaeltedesco/Documents/patterns/ts-patterns/01-comportamentais/02-chain-of-responsibility/02-example-marketService/domain/entities/foods/healthyFoods/index.ts","statementMap":{"0":{"start":{"line":1,"column":0},"end":{"line":1,"column":7}},"1":{"start":{"line":6,"column":9},"end":{"line":1,"column":34}},"2":{"start":{"line":2,"column":0},"end":{"line":2,"column":7}},"3":{"start":{"line":6,"column":19},"end":{"line":2,"column":28}},"4":{"start":{"line":3,"column":0},"end":{"line":3,"column":7}},"5":{"start":{"line":6,"column":26},"end":{"line":3,"column":28}},"6":{"start":{"line":4,"column":0},"end":{"line":4,"column":7}},"7":{"start":{"line":6,"column":33},"end":{"line":4,"column":40}}},"fnMap":{},"branchMap":{},"s":{"0":6,"1":6,"2":6,"3":6,"4":6,"5":6,"6":6,"7":6},"f":{},"b":{}}
,"/Users/rafaeltedesco/Documents/patterns/ts-patterns/01-comportamentais/02-chain-of-responsibility/02-example-marketService/domain/entities/foods/healthyFoods/mango.ts": {"path":"/Users/rafaeltedesco/Documents/patterns/ts-patterns/01-comportamentais/02-chain-of-responsibility/02-example-marketService/domain/entities/foods/healthyFoods/mango.ts","statementMap":{"0":{"start":{"line":1,"column":0},"end":{"line":1,"column":35}},"1":{"start":{"line":4,"column":2},"end":{"line":4,"column":17}},"2":{"start":{"line":5,"column":2},"end":{"line":5,"column":19}},"3":{"start":{"line":7,"column":0},"end":{"line":7,"column":21}}},"fnMap":{"0":{"name":"(anonymous_1)","decl":{"start":{"line":3,"column":0},"end":{"line":3,"column":6}},"loc":{"start":{"line":3,"column":0},"end":{"line":6,"column":1}}}},"branchMap":{},"s":{"0":6,"1":7,"2":7,"3":6},"f":{"0":7},"b":{}}
,"/Users/rafaeltedesco/Documents/patterns/ts-patterns/01-comportamentais/02-chain-of-responsibility/02-example-marketService/domain/entities/foods/healthyFoods/orangeJuice.ts": {"path":"/Users/rafaeltedesco/Documents/patterns/ts-patterns/01-comportamentais/02-chain-of-responsibility/02-example-marketService/domain/entities/foods/healthyFoods/orangeJuice.ts","statementMap":{"0":{"start":{"line":1,"column":0},"end":{"line":1,"column":35}},"1":{"start":{"line":4,"column":2},"end":{"line":4,"column":24}},"2":{"start":{"line":5,"column":2},"end":{"line":5,"column":19}},"3":{"start":{"line":7,"column":0},"end":{"line":7,"column":27}}},"fnMap":{"0":{"name":"(anonymous_1)","decl":{"start":{"line":3,"column":0},"end":{"line":3,"column":6}},"loc":{"start":{"line":3,"column":0},"end":{"line":6,"column":1}}}},"branchMap":{},"s":{"0":6,"1":6,"2":6,"3":6},"f":{"0":6},"b":{}}
,"/Users/rafaeltedesco/Documents/patterns/ts-patterns/01-comportamentais/02-chain-of-responsibility/02-example-marketService/domain/entities/foods/unHealthyFoods/frenchFries.ts": {"path":"/Users/rafaeltedesco/Documents/patterns/ts-patterns/01-comportamentais/02-chain-of-responsibility/02-example-marketService/domain/entities/foods/unHealthyFoods/frenchFries.ts","statementMap":{"0":{"start":{"line":1,"column":0},"end":{"line":1,"column":35}},"1":{"start":{"line":4,"column":2},"end":{"line":4,"column":24}},"2":{"start":{"line":5,"column":2},"end":{"line":5,"column":20}},"3":{"start":{"line":8,"column":0},"end":{"line":8,"column":27}}},"fnMap":{"0":{"name":"(anonymous_1)","decl":{"start":{"line":3,"column":0},"end":{"line":3,"column":6}},"loc":{"start":{"line":3,"column":0},"end":{"line":6,"column":1}}}},"branchMap":{},"s":{"0":6,"1":7,"2":7,"3":6},"f":{"0":7},"b":{}}
,"/Users/rafaeltedesco/Documents/patterns/ts-patterns/01-comportamentais/02-chain-of-responsibility/02-example-marketService/domain/entities/foods/unHealthyFoods/hamburger.ts": {"path":"/Users/rafaeltedesco/Documents/patterns/ts-patterns/01-comportamentais/02-chain-of-responsibility/02-example-marketService/domain/entities/foods/unHealthyFoods/hamburger.ts","statementMap":{"0":{"start":{"line":1,"column":0},"end":{"line":1,"column":35}},"1":{"start":{"line":4,"column":2},"end":{"line":4,"column":21}},"2":{"start":{"line":5,"column":2},"end":{"line":5,"column":20}},"3":{"start":{"line":8,"column":0},"end":{"line":8,"column":25}}},"fnMap":{"0":{"name":"(anonymous_1)","decl":{"start":{"line":3,"column":0},"end":{"line":3,"column":6}},"loc":{"start":{"line":3,"column":0},"end":{"line":6,"column":1}}}},"branchMap":{},"s":{"0":6,"1":7,"2":7,"3":6},"f":{"0":7},"b":{}}
,"/Users/rafaeltedesco/Documents/patterns/ts-patterns/01-comportamentais/02-chain-of-responsibility/02-example-marketService/domain/entities/foods/unHealthyFoods/index.ts": {"path":"/Users/rafaeltedesco/Documents/patterns/ts-patterns/01-comportamentais/02-chain-of-responsibility/02-example-marketService/domain/entities/foods/unHealthyFoods/index.ts","statementMap":{"0":{"start":{"line":1,"column":0},"end":{"line":1,"column":7}},"1":{"start":{"line":6,"column":9},"end":{"line":1,"column":40}},"2":{"start":{"line":2,"column":0},"end":{"line":2,"column":7}},"3":{"start":{"line":6,"column":22},"end":{"line":2,"column":36}},"4":{"start":{"line":3,"column":0},"end":{"line":3,"column":7}},"5":{"start":{"line":6,"column":33},"end":{"line":3,"column":28}},"6":{"start":{"line":4,"column":0},"end":{"line":4,"column":7}},"7":{"start":{"line":6,"column":40},"end":{"line":4,"column":30}}},"fnMap":{},"branchMap":{},"s":{"0":6,"1":6,"2":6,"3":6,"4":6,"5":6,"6":6,"7":6},"f":{},"b":{}}
,"/Users/rafaeltedesco/Documents/patterns/ts-patterns/01-comportamentais/02-chain-of-responsibility/02-example-marketService/domain/entities/foods/unHealthyFoods/pizza.ts": {"path":"/Users/rafaeltedesco/Documents/patterns/ts-patterns/01-comportamentais/02-chain-of-responsibility/02-example-marketService/domain/entities/foods/unHealthyFoods/pizza.ts","statementMap":{"0":{"start":{"line":1,"column":0},"end":{"line":1,"column":35}},"1":{"start":{"line":4,"column":2},"end":{"line":4,"column":17}},"2":{"start":{"line":5,"column":2},"end":{"line":5,"column":20}},"3":{"start":{"line":8,"column":0},"end":{"line":8,"column":21}}},"fnMap":{"0":{"name":"(anonymous_1)","decl":{"start":{"line":3,"column":0},"end":{"line":3,"column":6}},"loc":{"start":{"line":3,"column":0},"end":{"line":6,"column":1}}}},"branchMap":{},"s":{"0":6,"1":7,"2":7,"3":6},"f":{"0":7},"b":{}}
,"/Users/rafaeltedesco/Documents/patterns/ts-patterns/01-comportamentais/02-chain-of-responsibility/02-example-marketService/domain/entities/foods/unHealthyFoods/snacks.ts": {"path":"/Users/rafaeltedesco/Documents/patterns/ts-patterns/01-comportamentais/02-chain-of-responsibility/02-example-marketService/domain/entities/foods/unHealthyFoods/snacks.ts","statementMap":{"0":{"start":{"line":1,"column":0},"end":{"line":1,"column":35}},"1":{"start":{"line":4,"column":2},"end":{"line":4,"column":18}},"2":{"start":{"line":5,"column":2},"end":{"line":5,"column":20}},"3":{"start":{"line":8,"column":0},"end":{"line":8,"column":22}}},"fnMap":{"0":{"name":"(anonymous_1)","decl":{"start":{"line":3,"column":0},"end":{"line":3,"column":6}},"loc":{"start":{"line":3,"column":0},"end":{"line":6,"column":1}}}},"branchMap":{},"s":{"0":6,"1":6,"2":6,"3":6},"f":{"0":6},"b":{}}
,"/Users/rafaeltedesco/Documents/patterns/ts-patterns/01-comportamentais/02-chain-of-responsibility/02-example-marketService/domain/entities/persons/fitPerson.ts": {"path":"/Users/rafaeltedesco/Documents/patterns/ts-patterns/01-comportamentais/02-chain-of-responsibility/02-example-marketService/domain/entities/persons/fitPerson.ts","statementMap":{"0":{"start":{"line":2,"column":0},"end":{"line":2,"column":48}},"1":{"start":{"line":6,"column":4},"end":{"line":9,"column":null}},"2":{"start":{"line":7,"column":6},"end":{"line":7,"column":22}},"3":{"start":{"line":8,"column":6},"end":{"line":8,"column":13}},"4":{"start":{"line":10,"column":4},"end":{"line":12,"column":null}},"5":{"start":{"line":11,"column":6},"end":{"line":11,"column":26}},"6":{"start":{"line":16,"column":0},"end":{"line":16,"column":25}}},"fnMap":{"0":{"name":"(anonymous_1)","decl":{"start":{"line":5,"column":2},"end":{"line":5,"column":5}},"loc":{"start":{"line":5,"column":17},"end":{"line":13,"column":3}}}},"branchMap":{"0":{"loc":{"start":{"line":6,"column":4},"end":{"line":9,"column":null}},"type":"if","locations":[{"start":{"line":6,"column":4},"end":{"line":9,"column":null}}]},"1":{"loc":{"start":{"line":6,"column":8},"end":{"line":6,"column":51}},"type":"binary-expr","locations":[{"start":{"line":6,"column":8},"end":{"line":6,"column":22}},{"start":{"line":6,"column":26},"end":{"line":6,"column":51}}]},"2":{"loc":{"start":{"line":10,"column":4},"end":{"line":12,"column":null}},"type":"if","locations":[{"start":{"line":10,"column":4},"end":{"line":12,"column":null}}]}},"s":{"0":4,"1":37,"2":21,"3":21,"4":16,"5":11,"6":4},"f":{"0":37},"b":{"0":[21],"1":[37,25],"2":[11]}}
,"/Users/rafaeltedesco/Documents/patterns/ts-patterns/01-comportamentais/02-chain-of-responsibility/02-example-marketService/domain/entities/persons/nonFitPerson.ts": {"path":"/Users/rafaeltedesco/Documents/patterns/ts-patterns/01-comportamentais/02-chain-of-responsibility/02-example-marketService/domain/entities/persons/nonFitPerson.ts","statementMap":{"0":{"start":{"line":2,"column":0},"end":{"line":2,"column":48}},"1":{"start":{"line":6,"column":4},"end":{"line":9,"column":null}},"2":{"start":{"line":7,"column":6},"end":{"line":7,"column":22}},"3":{"start":{"line":8,"column":6},"end":{"line":8,"column":13}},"4":{"start":{"line":10,"column":4},"end":{"line":12,"column":null}},"5":{"start":{"line":11,"column":6},"end":{"line":11,"column":26}},"6":{"start":{"line":16,"column":0},"end":{"line":16,"column":28}}},"fnMap":{"0":{"name":"(anonymous_1)","decl":{"start":{"line":5,"column":2},"end":{"line":5,"column":5}},"loc":{"start":{"line":5,"column":17},"end":{"line":13,"column":3}}}},"branchMap":{"0":{"loc":{"start":{"line":6,"column":4},"end":{"line":9,"column":null}},"type":"if","locations":[{"start":{"line":6,"column":4},"end":{"line":9,"column":null}}]},"1":{"loc":{"start":{"line":6,"column":8},"end":{"line":6,"column":52}},"type":"binary-expr","locations":[{"start":{"line":6,"column":8},"end":{"line":6,"column":23}},{"start":{"line":6,"column":27},"end":{"line":6,"column":52}}]},"2":{"loc":{"start":{"line":10,"column":4},"end":{"line":12,"column":null}},"type":"if","locations":[{"start":{"line":10,"column":4},"end":{"line":12,"column":null}}]}},"s":{"0":4,"1":33,"2":22,"3":22,"4":11,"5":6,"6":4},"f":{"0":33},"b":{"0":[22],"1":[33,26],"2":[6]}}
,"/Users/rafaeltedesco/Documents/patterns/ts-patterns/01-comportamentais/02-chain-of-responsibility/02-example-marketService/domain/entities/persons/abstracts/basePerson.ts": {"path":"/Users/rafaeltedesco/Documents/patterns/ts-patterns/01-comportamentais/02-chain-of-responsibility/02-example-marketService/domain/entities/persons/abstracts/basePerson.ts","statementMap":{"0":{"start":{"line":6,"column":12},"end":{"line":6,"column":23}},"1":{"start":{"line":8,"column":12},"end":{"line":8,"column":46}},"2":{"start":{"line":11,"column":4},"end":{"line":11,"column":22}},"3":{"start":{"line":12,"column":4},"end":{"line":12,"column":35}},"4":{"start":{"line":12,"column":15},"end":{"line":12,"column":35}},"5":{"start":{"line":16,"column":4},"end":{"line":16,"column":33}},"6":{"start":{"line":20,"column":4},"end":{"line":20,"column":23}},"7":{"start":{"line":24,"column":4},"end":{"line":24,"column":24}},"8":{"start":{"line":28,"column":4},"end":{"line":28,"column":23}},"9":{"start":{"line":32,"column":4},"end":{"line":32,"column":35}},"10":{"start":{"line":32,"column":28},"end":{"line":32,"column":35}},"11":{"start":{"line":33,"column":4},"end":{"line":33,"column":16}},"12":{"start":{"line":34,"column":4},"end":{"line":34,"column":30}},"13":{"start":{"line":35,"column":4},"end":{"line":35,"column":77}},"14":{"start":{"line":39,"column":4},"end":{"line":39,"column":41}},"15":{"start":{"line":43,"column":4},"end":{"line":43,"column":36}},"16":{"start":{"line":47,"column":4},"end":{"line":47,"column":22}},"17":{"start":{"line":51,"column":0},"end":{"line":51,"column":26}}},"fnMap":{"0":{"name":"(anonymous_0)","decl":{"start":{"line":10,"column":2},"end":{"line":10,"column":14}},"loc":{"start":{"line":10,"column":42},"end":{"line":13,"column":3}}},"1":{"name":"(anonymous_1)","decl":{"start":{"line":15,"column":2},"end":{"line":15,"column":6}},"loc":{"start":{"line":15,"column":10},"end":{"line":17,"column":3}}},"2":{"name":"(anonymous_2)","decl":{"start":{"line":19,"column":2},"end":{"line":19,"column":9}},"loc":{"start":{"line":19,"column":9},"end":{"line":21,"column":3}}},"3":{"name":"(anonymous_3)","decl":{"start":{"line":23,"column":2},"end":{"line":23,"column":9}},"loc":{"start":{"line":23,"column":25},"end":{"line":25,"column":3}}},"4":{"name":"(anonymous_4)","decl":{"start":{"line":27,"column":2},"end":{"line":27,"column":6}},"loc":{"start":{"line":27,"column":11},"end":{"line":29,"column":3}}},"5":{"name":"(anonymous_5)","decl":{"start":{"line":31,"column":2},"end":{"line":31,"column":5}},"loc":{"start":{"line":31,"column":17},"end":{"line":36,"column":3}}},"6":{"name":"(anonymous_6)","decl":{"start":{"line":38,"column":12},"end":{"line":38,"column":26}},"loc":{"start":{"line":38,"column":38},"end":{"line":40,"column":3}}},"7":{"name":"(anonymous_7)","decl":{"start":{"line":42,"column":2},"end":{"line":42,"column":6}},"loc":{"start":{"line":42,"column":19},"end":{"line":44,"column":3}}},"8":{"name":"(anonymous_8)","decl":{"start":{"line":46,"column":2},"end":{"line":46,"column":6}},"loc":{"start":{"line":46,"column":10},"end":{"line":48,"column":3}}}},"branchMap":{"0":{"loc":{"start":{"line":12,"column":4},"end":{"line":12,"column":35}},"type":"if","locations":[{"start":{"line":12,"column":4},"end":{"line":12,"column":35}}]},"1":{"loc":{"start":{"line":32,"column":4},"end":{"line":32,"column":35}},"type":"if","locations":[{"start":{"line":32,"column":4},"end":{"line":32,"column":35}}]}},"s":{"0":18,"1":18,"2":18,"3":18,"4":16,"5":44,"6":27,"7":6,"8":8,"9":43,"10":8,"11":35,"12":35,"13":35,"14":51,"15":17,"16":2,"17":5},"f":{"0":18,"1":44,"2":27,"3":6,"4":8,"5":43,"6":51,"7":17,"8":2},"b":{"0":[16],"1":[8]}}
,"/Users/rafaeltedesco/Documents/patterns/ts-patterns/tests/01-comportamentais/01-strategy/01-example-street-fighter/mocks/DumyMockAttack.ts": {"path":"/Users/rafaeltedesco/Documents/patterns/ts-patterns/tests/01-comportamentais/01-strategy/01-example-street-fighter/mocks/DumyMockAttack.ts","statementMap":{"0":{"start":{"line":4,"column":2},"end":{"line":4,"column":30}},"1":{"start":{"line":5,"column":2},"end":{"line":5,"column":45}},"2":{"start":{"line":8,"column":0},"end":{"line":8,"column":30}}},"fnMap":{"0":{"name":"(anonymous_0)","decl":{"start":{"line":3,"column":0},"end":{"line":3,"column":6}},"loc":{"start":{"line":3,"column":0},"end":{"line":6,"column":1}}}},"branchMap":{},"s":{"0":1,"1":1,"2":1},"f":{"0":1},"b":{}}
,"/Users/rafaeltedesco/Documents/patterns/ts-patterns/tests/01-comportamentais/01-strategy/01-example-street-fighter/mocks/DumyMockFighter.ts": {"path":"/Users/rafaeltedesco/Documents/patterns/ts-patterns/tests/01-comportamentais/01-strategy/01-example-street-fighter/mocks/DumyMockFighter.ts","statementMap":{"0":{"start":{"line":1,"column":0},"end":{"line":1,"column":120}},"1":{"start":{"line":5,"column":0},"end":{"line":5,"column":30}}},"fnMap":{},"branchMap":{},"s":{"0":1,"1":1},"f":{},"b":{}}
,"/Users/rafaeltedesco/Documents/patterns/ts-patterns/utils/jsonFileReader.ts": {"path":"/Users/rafaeltedesco/Documents/patterns/ts-patterns/utils/jsonFileReader.ts","statementMap":{"0":{"start":{"line":1,"column":0},"end":{"line":1,"column":29}},"1":{"start":{"line":3,"column":21},"end":{"line":5,"column":2}},"2":{"start":{"line":3,"column":48},"end":{"line":5,"column":2}},"3":{"start":{"line":4,"column":2},"end":{"line":4,"column":58}},"4":{"start":{"line":7,"column":0},"end":{"line":9,"column":2}}},"fnMap":{"0":{"name":"(anonymous_8)","decl":{"start":{"line":3,"column":21},"end":{"line":3,"column":28}},"loc":{"start":{"line":3,"column":48},"end":{"line":5,"column":2}}},"1":{"name":"(anonymous_9)","decl":{"start":{"line":3,"column":48},"end":{"line":3,"column":null}},"loc":{"start":{"line":3,"column":48},"end":{"line":5,"column":1}}}},"branchMap":{},"s":{"0":7,"1":7,"2":1,"3":1,"4":7},"f":{"0":1,"1":1},"b":{}}
}
