TN:
SF:01-comportamentais/01-strategy/01-example-street-fighter/game.ts
FN:10,(anonymous_7)
FN:16,(anonymous_8)
FN:23,(anonymous_10)
FN:27,(anonymous_11)
FN:31,(anonymous_12)
FN:35,(anonymous_13)
FN:40,(anonymous_14)
FNF:7
FNH:7
FNDA:6,(anonymous_7)
FNDA:3,(anonymous_8)
FNDA:2,(anonymous_10)
FNDA:2,(anonymous_11)
FNDA:3,(anonymous_12)
FNDA:6,(anonymous_13)
FNDA:3,(anonymous_14)
DA:8,6
DA:11,6
DA:12,6
DA:13,6
DA:17,3
DA:18,1
DA:19,2
DA:20,2
DA:24,2
DA:28,2
DA:32,3
DA:36,6
DA:37,5
DA:41,3
DA:42,3
DA:46,1
LF:16
LH:16
BRDA:13,0,0,3
BRDA:17,1,0,1
BRDA:36,2,0,1
BRF:3
BRH:3
end_of_record
TN:
SF:01-comportamentais/01-strategy/01-example-street-fighter/abstracts/fightPlayer.ts
FN:10,(anonymous_1)
FN:22,(anonymous_2)
FN:27,(anonymous_3)
FN:32,(anonymous_4)
FNF:4
FNH:4
FNDA:21,(anonymous_1)
FNDA:11,(anonymous_2)
FNDA:4,(anonymous_3)
FNDA:15,(anonymous_4)
DA:3,6
DA:16,21
DA:17,21
DA:18,21
DA:19,21
DA:23,11
DA:24,11
DA:28,4
DA:29,4
DA:33,15
DA:34,15
DA:38,6
LF:12
LH:12
BRDA:34,0,0,4
BRF:1
BRH:1
end_of_record
TN:
SF:01-comportamentais/01-strategy/01-example-street-fighter/abstracts/narratorPlayer.ts
FNF:0
FNH:0
DA:10,3
LF:1
LH:1
BRF:0
BRH:0
end_of_record
TN:
SF:01-comportamentais/01-strategy/01-example-street-fighter/abstracts/player.ts
FN:10,(anonymous_8)
FN:14,(anonymous_9)
FN:18,(anonymous_10)
FN:22,(anonymous_11)
FN:26,(anonymous_12)
FN:30,(anonymous_13)
FN:34,(anonymous_14)
FNF:7
FNH:7
FNDA:21,(anonymous_8)
FNDA:32,(anonymous_9)
FNDA:4,(anonymous_10)
FNDA:4,(anonymous_11)
FNDA:4,(anonymous_12)
FNDA:20,(anonymous_13)
FNDA:4,(anonymous_14)
DA:1,6
DA:5,21
DA:7,21
DA:8,21
DA:11,21
DA:15,32
DA:19,4
DA:23,4
DA:27,4
DA:31,20
DA:35,4
DA:36,4
DA:40,6
LF:13
LH:13
BRF:0
BRH:0
end_of_record
TN:
SF:01-comportamentais/01-strategy/01-example-street-fighter/players/akuma.ts
FN:6,(anonymous_1)
FNF:1
FNH:1
FNDA:10,(anonymous_1)
DA:1,5
DA:2,5
DA:3,5
DA:7,10
DA:8,10
DA:12,5
LF:6
LH:6
BRF:0
BRH:0
end_of_record
TN:
SF:01-comportamentais/01-strategy/01-example-street-fighter/players/balrog.ts
FN:6,(anonymous_1)
FNF:1
FNH:1
FNDA:10,(anonymous_1)
DA:1,5
DA:2,5
DA:3,5
DA:7,10
DA:8,10
DA:12,5
LF:6
LH:6
BRF:0
BRH:0
end_of_record
TN:
SF:01-comportamentais/01-strategy/01-example-street-fighter/players/narrator.ts
FN:4,(anonymous_8)
FN:7,(anonymous_9)
FN:12,(anonymous_10)
FNF:3
FNH:3
FNDA:7,(anonymous_8)
FNDA:5,(anonymous_9)
FNDA:4,(anonymous_10)
DA:1,3
DA:5,7
DA:8,5
DA:9,4
DA:13,4
DA:17,3
LF:6
LH:6
BRDA:8,0,0,1
BRF:1
BRH:1
end_of_record
TN:
SF:01-comportamentais/01-strategy/01-example-street-fighter/players/attacks/akumaAttacks.ts
FN:3,(anonymous_0)
FNF:1
FNH:1
FNDA:10,(anonymous_0)
DA:4,10
DA:5,10
DA:8,5
LF:3
LH:3
BRF:0
BRH:0
end_of_record
TN:
SF:01-comportamentais/01-strategy/01-example-street-fighter/players/attacks/balrogAttacks.ts
FN:3,(anonymous_0)
FNF:1
FNH:1
FNDA:10,(anonymous_0)
DA:4,10
DA:5,10
DA:8,5
LF:3
LH:3
BRF:0
BRH:0
end_of_record
TN:
SF:01-comportamentais/01-strategy/02-example-payment-methods/domain/entities/account.ts
FN:7,(anonymous_0)
FN:11,(anonymous_1)
FN:15,(anonymous_2)
FN:21,(anonymous_3)
FN:25,(anonymous_4)
FN:29,(anonymous_5)
FN:37,(anonymous_6)
FNF:7
FNH:7
FNDA:16,(anonymous_0)
FNDA:8,(anonymous_1)
FNDA:6,(anonymous_2)
FNDA:5,(anonymous_3)
FNDA:5,(anonymous_4)
FNDA:6,(anonymous_5)
FNDA:7,(anonymous_6)
DA:4,16
DA:8,16
DA:12,8
DA:16,6
DA:17,2
DA:18,4
DA:22,5
DA:26,5
DA:30,6
DA:31,1
DA:32,5
DA:33,4
DA:34,3
DA:38,7
DA:42,2
LF:15
LH:15
BRDA:8,0,0,12
BRDA:16,1,0,2
BRDA:30,2,0,1
BRDA:32,3,0,1
BRF:4
BRH:4
end_of_record
TN:
SF:01-comportamentais/01-strategy/02-example-payment-methods/domain/strategies/doc.ts
FN:3,(anonymous_0)
FN:5,(anonymous_1)
FNF:2
FNH:2
FNDA:1,(anonymous_0)
FNDA:1,(anonymous_1)
DA:4,1
DA:6,1
DA:10,1
LF:3
LH:3
BRF:0
BRH:0
end_of_record
TN:
SF:01-comportamentais/01-strategy/02-example-payment-methods/domain/strategies/paymentSlip.ts
FN:3,(anonymous_0)
FN:5,(anonymous_1)
FNF:2
FNH:2
FNDA:3,(anonymous_0)
FNDA:2,(anonymous_1)
DA:4,3
DA:6,2
DA:10,1
LF:3
LH:3
BRF:0
BRH:0
end_of_record
TN:
SF:01-comportamentais/01-strategy/02-example-payment-methods/domain/strategies/ted.ts
FN:3,(anonymous_0)
FN:5,(anonymous_1)
FNF:2
FNH:2
FNDA:1,(anonymous_0)
FNDA:1,(anonymous_1)
DA:4,1
DA:6,1
DA:10,1
LF:3
LH:3
BRF:0
BRH:0
end_of_record
TN:
SF:01-comportamentais/02-chain-of-responsibility/01-example-storeBranches/domain/abstracts/baseStore.ts
FN:5,(anonymous_0)
FN:14,(anonymous_1)
FN:20,(anonymous_2)
FN:24,(anonymous_3)
FN:26,(anonymous_4)
FN:31,(anonymous_5)
FN:35,(anonymous_6)
FN:39,(anonymous_7)
FN:43,(anonymous_8)
FN:45,(anonymous_9)
FNF:10
FNH:10
FNDA:16,(anonymous_0)
FNDA:3,(anonymous_1)
FNDA:1,(anonymous_2)
FNDA:3,(anonymous_3)
FNDA:3,(anonymous_4)
FNDA:5,(anonymous_5)
FNDA:2,(anonymous_6)
FNDA:1,(anonymous_7)
FNDA:7,(anonymous_8)
FNDA:7,(anonymous_9)
DA:6,16
DA:9,16
DA:10,16
DA:15,3
DA:16,3
DA:17,3
DA:21,1
DA:25,3
DA:26,3
DA:28,3
DA:32,5
DA:36,2
DA:40,1
DA:44,7
DA:45,7
DA:51,4
LF:16
LH:16
BRDA:45,0,0,7
BRDA:45,0,1,1
BRF:2
BRH:2
end_of_record
TN:
SF:01-comportamentais/02-chain-of-responsibility/01-example-storeBranches/domain/entities/buyer.ts
FN:12,(anonymous_0)
FN:17,(anonymous_1)
FN:21,(anonymous_2)
FN:26,(anonymous_3)
FN:30,(anonymous_4)
FN:38,(anonymous_5)
FN:43,(anonymous_6)
FN:47,(anonymous_7)
FN:51,(anonymous_8)
FN:59,(anonymous_9)
FNF:10
FNH:10
FNDA:9,(anonymous_0)
FNDA:2,(anonymous_1)
FNDA:3,(anonymous_2)
FNDA:2,(anonymous_3)
FNDA:6,(anonymous_4)
FNDA:6,(anonymous_5)
FNDA:1,(anonymous_6)
FNDA:4,(anonymous_7)
FNDA:4,(anonymous_8)
FNDA:3,(anonymous_9)
DA:9,9
DA:10,9
DA:13,9
DA:14,9
DA:18,2
DA:22,3
DA:23,2
DA:27,2
DA:34,6
DA:35,6
DA:39,6
DA:40,5
DA:44,1
DA:48,4
DA:52,4
DA:53,1
DA:54,3
DA:55,3
DA:56,3
DA:63,3
DA:67,3
LF:21
LH:21
BRDA:22,0,0,1
BRDA:35,1,0,6
BRDA:35,1,1,1
BRDA:39,2,0,1
BRDA:52,3,0,1
BRF:5
BRH:5
end_of_record
TN:
SF:01-comportamentais/02-chain-of-responsibility/01-example-storeBranches/domain/entities/clothingStore.ts
FN:10,(anonymous_1)
FN:15,(anonymous_2)
FN:17,(anonymous_3)
FNF:3
FNH:3
FNDA:7,(anonymous_1)
FNDA:11,(anonymous_2)
FNDA:11,(anonymous_3)
DA:2,4
DA:5,4
DA:8,7
DA:9,7
DA:11,7
DA:12,7
DA:16,11
DA:17,11
DA:19,11
DA:20,7
DA:21,6
DA:25,4
LF:12
LH:12
BRDA:12,0,0,1
BRDA:19,1,0,4
BRDA:20,2,0,1
BRF:3
BRH:3
end_of_record
TN:
SF:01-comportamentais/02-chain-of-responsibility/01-example-storeBranches/domain/entities/groceryStore.ts
FN:11,(anonymous_1)
FN:16,(anonymous_2)
FN:18,(anonymous_3)
FNF:3
FNH:3
FNDA:9,(anonymous_1)
FNDA:8,(anonymous_2)
FNDA:8,(anonymous_3)
DA:2,4
DA:5,4
DA:8,9
DA:9,9
DA:12,9
DA:13,9
DA:17,8
DA:18,8
DA:20,8
DA:21,2
DA:22,1
DA:26,4
LF:12
LH:12
BRDA:13,0,0,1
BRDA:20,1,0,6
BRDA:21,2,0,1
BRF:3
BRH:3
end_of_record
TN:
SF:01-comportamentais/02-chain-of-responsibility/01-example-storeBranches/domain/entities/megaStore.ts
FN:4,(anonymous_0)
FN:7,(anonymous_1)
FN:11,(anonymous_2)
FNF:3
FNH:3
FNDA:4,(anonymous_0)
FNDA:3,(anonymous_1)
FNDA:9,(anonymous_2)
DA:5,4
DA:8,3
DA:12,9
DA:13,9
DA:17,3
LF:5
LH:5
BRDA:12,0,0,1
BRDA:12,0,1,8
BRDA:12,1,0,9
BRDA:12,1,1,8
BRDA:13,2,0,9
BRDA:13,2,1,1
BRF:6
BRH:6
end_of_record
TN:
SF:01-comportamentais/02-chain-of-responsibility/01-example-storeBranches/domain/entities/buyableProducts/BuyablepotatoChips.ts
FN:3,(anonymous_0)
FNF:1
FNH:1
FNDA:9,(anonymous_0)
DA:4,9
DA:5,9
DA:6,9
DA:9,4
LF:4
LH:4
BRF:0
BRH:0
end_of_record
TN:
SF:01-comportamentais/02-chain-of-responsibility/01-example-storeBranches/domain/entities/buyableProducts/BuyabletShirt.ts
FN:3,(anonymous_0)
FNF:1
FNH:1
FNDA:7,(anonymous_0)
DA:4,7
DA:5,7
DA:6,7
DA:9,4
LF:4
LH:4
BRF:0
BRH:0
end_of_record
TN:
SF:01-comportamentais/02-chain-of-responsibility/01-example-storeBranches/domain/entities/products/potatoChips.ts
FN:3,(anonymous_0)
FNF:1
FNH:1
FNDA:7,(anonymous_0)
DA:4,7
DA:7,3
LF:2
LH:2
BRF:0
BRH:0
end_of_record
TN:
SF:01-comportamentais/02-chain-of-responsibility/01-example-storeBranches/domain/entities/products/tShirt.ts
FN:3,(anonymous_0)
FNF:1
FNH:1
FNDA:7,(anonymous_0)
DA:4,7
DA:7,4
LF:2
LH:2
BRF:0
BRH:0
end_of_record
TN:
SF:01-comportamentais/02-chain-of-responsibility/02-example-marketService/domain/entities/market.ts
FN:10,(anonymous_0)
FN:14,(anonymous_1)
FN:18,(anonymous_2)
FN:22,(anonymous_3)
FN:27,(anonymous_4)
FNF:5
FNH:5
FNDA:3,(anonymous_0)
FNDA:1,(anonymous_1)
FNDA:3,(anonymous_2)
FNDA:2,(anonymous_3)
FNDA:4,(anonymous_4)
DA:6,3
DA:7,3
DA:11,3
DA:15,1
DA:19,3
DA:23,2
DA:24,2
DA:28,4
DA:32,2
LF:9
LH:9
BRF:0
BRH:0
end_of_record
TN:
SF:01-comportamentais/02-chain-of-responsibility/02-example-marketService/domain/entities/marketService.ts
FN:4,(anonymous_0)
FN:7,(anonymous_1)
FN:11,(anonymous_2)
FN:12,(anonymous_3)
FNF:4
FNH:4
FNDA:3,(anonymous_0)
FNDA:2,(anonymous_1)
FNDA:2,(anonymous_2)
FNDA:9,(anonymous_3)
DA:5,3
DA:8,2
DA:12,9
DA:16,2
LF:4
LH:4
BRF:0
BRH:0
end_of_record
TN:
SF:01-comportamentais/02-chain-of-responsibility/02-example-marketService/domain/entities/foods/baseFood.ts
FN:9,(anonymous_0)
FN:14,(anonymous_1)
FN:18,(anonymous_2)
FN:22,(anonymous_3)
FN:26,(anonymous_4)
FNF:5
FNH:5
FNDA:54,(anonymous_0)
FNDA:86,(anonymous_1)
FNDA:1,(anonymous_2)
FNDA:35,(anonymous_3)
FNDA:43,(anonymous_4)
DA:5,54
DA:6,54
DA:10,54
DA:11,54
DA:15,86
DA:19,1
DA:23,35
DA:27,43
DA:31,6
LF:9
LH:9
BRDA:10,0,0,38
BRDA:11,1,0,1
BRF:2
BRH:2
end_of_record
TN:
SF:01-comportamentais/02-chain-of-responsibility/02-example-marketService/domain/entities/foods/healthyFoods/apple.ts
FN:3,(anonymous_1)
FNF:1
FNH:1
FNDA:8,(anonymous_1)
DA:1,6
DA:4,8
DA:5,8
DA:8,6
LF:4
LH:4
BRF:0
BRH:0
end_of_record
TN:
SF:01-comportamentais/02-chain-of-responsibility/02-example-marketService/domain/entities/foods/healthyFoods/broccoli.ts
FN:3,(anonymous_1)
FNF:1
FNH:1
FNDA:6,(anonymous_1)
DA:1,6
DA:4,6
DA:5,6
DA:7,6
LF:4
LH:4
BRF:0
BRH:0
end_of_record
TN:
SF:01-comportamentais/02-chain-of-responsibility/02-example-marketService/domain/entities/foods/healthyFoods/index.ts
FNF:0
FNH:0
DA:1,6
DA:2,6
DA:3,6
DA:4,6
DA:6,6
LF:5
LH:5
BRF:0
BRH:0
end_of_record
TN:
SF:01-comportamentais/02-chain-of-responsibility/02-example-marketService/domain/entities/foods/healthyFoods/mango.ts
FN:3,(anonymous_1)
FNF:1
FNH:1
FNDA:7,(anonymous_1)
DA:1,6
DA:4,7
DA:5,7
DA:7,6
LF:4
LH:4
BRF:0
BRH:0
end_of_record
TN:
SF:01-comportamentais/02-chain-of-responsibility/02-example-marketService/domain/entities/foods/healthyFoods/orangeJuice.ts
FN:3,(anonymous_1)
FNF:1
FNH:1
FNDA:6,(anonymous_1)
DA:1,6
DA:4,6
DA:5,6
DA:7,6
LF:4
LH:4
BRF:0
BRH:0
end_of_record
TN:
SF:01-comportamentais/02-chain-of-responsibility/02-example-marketService/domain/entities/foods/unHealthyFoods/frenchFries.ts
FN:3,(anonymous_1)
FNF:1
FNH:1
FNDA:7,(anonymous_1)
DA:1,6
DA:4,7
DA:5,7
DA:8,6
LF:4
LH:4
BRF:0
BRH:0
end_of_record
TN:
SF:01-comportamentais/02-chain-of-responsibility/02-example-marketService/domain/entities/foods/unHealthyFoods/hamburger.ts
FN:3,(anonymous_1)
FNF:1
FNH:1
FNDA:7,(anonymous_1)
DA:1,6
DA:4,7
DA:5,7
DA:8,6
LF:4
LH:4
BRF:0
BRH:0
end_of_record
TN:
SF:01-comportamentais/02-chain-of-responsibility/02-example-marketService/domain/entities/foods/unHealthyFoods/index.ts
FNF:0
FNH:0
DA:1,6
DA:2,6
DA:3,6
DA:4,6
DA:6,6
LF:5
LH:5
BRF:0
BRH:0
end_of_record
TN:
SF:01-comportamentais/02-chain-of-responsibility/02-example-marketService/domain/entities/foods/unHealthyFoods/pizza.ts
FN:3,(anonymous_1)
FNF:1
FNH:1
FNDA:7,(anonymous_1)
DA:1,6
DA:4,7
DA:5,7
DA:8,6
LF:4
LH:4
BRF:0
BRH:0
end_of_record
TN:
SF:01-comportamentais/02-chain-of-responsibility/02-example-marketService/domain/entities/foods/unHealthyFoods/snacks.ts
FN:3,(anonymous_1)
FNF:1
FNH:1
FNDA:6,(anonymous_1)
DA:1,6
DA:4,6
DA:5,6
DA:8,6
LF:4
LH:4
BRF:0
BRH:0
end_of_record
TN:
SF:01-comportamentais/02-chain-of-responsibility/02-example-marketService/domain/entities/persons/fitPerson.ts
FN:5,(anonymous_1)
FNF:1
FNH:1
FNDA:37,(anonymous_1)
DA:2,4
DA:6,37
DA:7,21
DA:8,21
DA:10,16
DA:11,11
DA:16,4
LF:7
LH:7
BRDA:6,0,0,21
BRDA:6,1,0,37
BRDA:6,1,1,25
BRDA:10,2,0,11
BRF:4
BRH:4
end_of_record
TN:
SF:01-comportamentais/02-chain-of-responsibility/02-example-marketService/domain/entities/persons/nonFitPerson.ts
FN:5,(anonymous_1)
FNF:1
FNH:1
FNDA:33,(anonymous_1)
DA:2,4
DA:6,33
DA:7,22
DA:8,22
DA:10,11
DA:11,6
DA:16,4
LF:7
LH:7
BRDA:6,0,0,22
BRDA:6,1,0,33
BRDA:6,1,1,26
BRDA:10,2,0,6
BRF:4
BRH:4
end_of_record
TN:
SF:01-comportamentais/02-chain-of-responsibility/02-example-marketService/domain/entities/persons/abstracts/basePerson.ts
FN:10,(anonymous_0)
FN:15,(anonymous_1)
FN:19,(anonymous_2)
FN:23,(anonymous_3)
FN:27,(anonymous_4)
FN:31,(anonymous_5)
FN:38,(anonymous_6)
FN:42,(anonymous_7)
FN:46,(anonymous_8)
FNF:9
FNH:9
FNDA:18,(anonymous_0)
FNDA:44,(anonymous_1)
FNDA:27,(anonymous_2)
FNDA:6,(anonymous_3)
FNDA:8,(anonymous_4)
FNDA:43,(anonymous_5)
FNDA:51,(anonymous_6)
FNDA:17,(anonymous_7)
FNDA:2,(anonymous_8)
DA:6,18
DA:8,18
DA:11,18
DA:12,18
DA:16,44
DA:20,27
DA:24,6
DA:28,8
DA:32,43
DA:33,35
DA:34,35
DA:35,35
DA:39,51
DA:43,17
DA:47,2
DA:51,5
LF:16
LH:16
BRDA:12,0,0,16
BRDA:32,1,0,8
BRF:2
BRH:2
end_of_record
TN:
SF:tests/01-comportamentais/01-strategy/01-example-street-fighter/mocks/DumyMockAttack.ts
FN:3,(anonymous_0)
FNF:1
FNH:1
FNDA:1,(anonymous_0)
DA:4,1
DA:5,1
DA:8,1
LF:3
LH:3
BRF:0
BRH:0
end_of_record
TN:
SF:tests/01-comportamentais/01-strategy/01-example-street-fighter/mocks/DumyMockFighter.ts
FNF:0
FNH:0
DA:1,1
DA:5,1
LF:2
LH:2
BRF:0
BRH:0
end_of_record
TN:
SF:utils/jsonFileReader.ts
FN:3,(anonymous_8)
FN:3,(anonymous_9)
FNF:2
FNH:2
FNDA:1,(anonymous_8)
FNDA:1,(anonymous_9)
DA:1,7
DA:3,7
DA:4,1
DA:7,7
LF:4
LH:4
BRF:0
BRH:0
end_of_record
